2020-12-05 11:52:42,679:WARNING:discord.client: PyNaCl is not installed, voice will NOT be supported
2020-12-05 11:52:42,680:DEBUG:discord.client: on_ready has successfully been registered as an event
2020-12-05 11:52:42,681:DEBUG:discord.client: on_member_join has successfully been registered as an event
2020-12-05 11:52:42,682:DEBUG:discord.client: on_member_remove has successfully been registered as an event
2020-12-05 11:52:42,684:INFO:discord.client: logging in using static token
2020-12-05 11:52:42,888:DEBUG:discord.http: GET https://discord.com/api/v7/users/@me with None has returned 200
2020-12-05 11:52:42,890:DEBUG:discord.http: GET https://discord.com/api/v7/users/@me has received {'id': '696473505314897940', 'username': 'Gabriel Bot', 'avatar': '22e7c64daffbd9aee97348dd1e4aa5dd', 'discriminator': '0774', 'public_flags': 0, 'flags': 0, 'bot': True, 'email': None, 'verified': True, 'locale': 'en-US', 'mfa_enabled': False}
2020-12-05 11:52:42,922:DEBUG:discord.http: GET https://discord.com/api/v7/gateway with None has returned 200
2020-12-05 11:52:42,922:DEBUG:discord.http: GET https://discord.com/api/v7/gateway has received {'url': 'wss://gateway.discord.gg'}
2020-12-05 11:52:43,064:DEBUG:discord.gateway: Created websocket connected to wss://gateway.discord.gg?encoding=json&v=6&compress=zlib-stream
2020-12-05 11:52:43,064:DEBUG:discord.client: Dispatching event socket_raw_receive
2020-12-05 11:52:43,064:DEBUG:discord.gateway: For Shard ID None: WebSocket Event: {'t': None, 's': None, 'op': 10, 'd': {'heartbeat_interval': 41250, '_trace': ['["gateway-prd-main-tq38",{"micros":0.0}]']}}
2020-12-05 11:52:43,064:DEBUG:discord.client: Dispatching event socket_response
2020-12-05 11:52:43,065:DEBUG:discord.client: Dispatching event socket_raw_send
2020-12-05 11:52:43,067:DEBUG:discord.client: Dispatching event socket_raw_send
2020-12-05 11:52:43,068:INFO:discord.gateway: Shard ID None has sent the IDENTIFY payload.
2020-12-05 11:52:43,154:DEBUG:discord.client: Dispatching event socket_raw_receive
2020-12-05 11:52:43,154:DEBUG:discord.gateway: For Shard ID None: WebSocket Event: {'t': None, 's': None, 'op': 11, 'd': None}
2020-12-05 11:52:43,154:DEBUG:discord.client: Dispatching event socket_response
2020-12-05 11:52:43,208:DEBUG:discord.client: Dispatching event socket_raw_receive
2020-12-05 11:52:43,208:DEBUG:discord.gateway: For Shard ID None: WebSocket Event: {'t': 'READY', 's': 1, 'op': 0, 'd': {'v': 6, 'user_settings': {}, 'user': {'verified': True, 'username': 'Gabriel Bot', 'mfa_enabled': False, 'id': '696473505314897940', 'flags': 0, 'email': None, 'discriminator': '0774', 'bot': True, 'avatar': '22e7c64daffbd9aee97348dd1e4aa5dd'}, 'session_id': 'b28fd3305873fdea1adb862f2f7c53fa', 'relationships': [], 'private_channels': [], 'presences': [], 'guilds': [{'unavailable': True, 'id': '700219370906976326'}, {'unavailable': True, 'id': '784546407461683241'}], 'geo_ordered_rtc_regions': ['us-west', 'us-south', 'us-central', 'us-east', 'japan'], 'application': {'id': '696473505314897940', 'flags': 0}, '_trace': ['["gateway-prd-main-tq38",{"micros":54101,"calls":["discord-sessions-prd-2-63",{"micros":52737,"calls":["start_session",{"micros":45099,"calls":["api-prd-main-kpfr",{"micros":40827,"calls":["get_user",{"micros":2499},"add_authorized_ip",{"micros":1634},"get_guilds",{"micros":4001},"coros_wait",{"micros":1}]}]},"guilds_connect",{"micros":2,"calls":[]},"presence_connect",{"micros":2675,"calls":[]}]}]}]']}}
2020-12-05 11:52:43,208:DEBUG:discord.client: Dispatching event socket_response
2020-12-05 11:52:43,208:INFO:discord.gateway: Shard ID None has connected to Gateway: ["gateway-prd-main-tq38",{"micros":54101,"calls":["discord-sessions-prd-2-63",{"micros":52737,"calls":["start_session",{"micros":45099,"calls":["api-prd-main-kpfr",{"micros":40827,"calls":["get_user",{"micros":2499},"add_authorized_ip",{"micros":1634},"get_guilds",{"micros":4001},"coros_wait",{"micros":1}]}]},"guilds_connect",{"micros":2,"calls":[]},"presence_connect",{"micros":2675,"calls":[]}]}]}] (Session ID: b28fd3305873fdea1adb862f2f7c53fa).
2020-12-05 11:52:43,221:DEBUG:discord.client: Dispatching event connect
2020-12-05 11:52:43,222:DEBUG:discord.client: Dispatching event socket_raw_receive
2020-12-05 11:52:43,222:DEBUG:discord.gateway: For Shard ID None: WebSocket Event: {'t': 'GUILD_CREATE', 's': 2, 'op': 0, 'd': {'description': None, 'splash': None, 'verification_level': 0, 'system_channel_flags': 0, 'vanity_url_code': None, 'large': False, 'system_channel_id': '700219370906976329', 'members': [{'user': {'username': 'Gabriel Bot', 'id': '696473505314897940', 'discriminator': '0774', 'bot': True, 'avatar': '22e7c64daffbd9aee97348dd1e4aa5dd'}, 'roles': [], 'mute': False, 'joined_at': '2020-04-16T05:45:14.111000+00:00', 'hoisted_role': None, 'deaf': False}], 'channels': [{'type': 4, 'position': 0, 'permission_overwrites': [], 'name': 'Text Channels', 'id': '700219370906976327'}, {'type': 4, 'position': 0, 'permission_overwrites': [], 'name': 'Voice Channels', 'id': '700219370906976328'}, {'type': 0, 'topic': None, 'rate_limit_per_user': 0, 'position': 0, 'permission_overwrites': [], 'parent_id': '700219370906976327', 'name': 'general', 'last_message_id': '700221605871353897', 'id': '700219370906976329'}, {'user_limit': 0, 'type': 2, 'position': 0, 'permission_overwrites': [], 'parent_id': '700219370906976328', 'name': 'General', 'id': '700219370906976330', 'bitrate': 64000}], 'features': [], 'afk_channel_id': None, 'voice_states': [], 'max_video_channel_users': 25, 'name': 'Bot Testing', 'icon': None, 'banner': None, 'mfa_level': 0, 'public_updates_channel_id': None, 'guild_hashes': {'version': 1, 'roles': {'omitted': False, 'hash': '4TapW2JXLf8'}, 'metadata': {'omitted': False, 'hash': 'vqQya/czBAc'}, 'channels': {'omitted': False, 'hash': 'OLo9Abh4LZw'}}, 'presences': [], 'premium_subscription_count': 0, 'unavailable': False, 'emojis': [], 'premium_tier': 0, 'lazy': True, 'region': 'us-south', 'member_count': 3, 'owner_id': '448681038810578945', 'roles': [{'position': 0, 'permissions_new': '104320577', 'permissions': 104320577, 'name': '@everyone', 'mentionable': False, 'managed': False, 'id': '700219370906976326', 'hoist': False, 'color': 0}], 'preferred_locale': 'en-US', 'rules_channel_id': None, 'explicit_content_filter': 0, 'max_members': 250000, 'discovery_splash': None, 'application_id': None, 'afk_timeout': 300, 'id': '700219370906976326', 'joined_at': '2020-04-16T05:45:14.111000+00:00', 'default_message_notifications': 0}}
2020-12-05 11:52:43,223:DEBUG:discord.client: Dispatching event socket_response
2020-12-05 11:52:43,224:DEBUG:discord.client: Dispatching event socket_raw_receive
2020-12-05 11:52:43,224:DEBUG:discord.gateway: For Shard ID None: WebSocket Event: {'t': 'GUILD_CREATE', 's': 3, 'op': 0, 'd': {'description': None, 'splash': None, 'verification_level': 0, 'system_channel_flags': 0, 'vanity_url_code': None, 'large': False, 'system_channel_id': '784546407461683245', 'members': [{'user': {'username': 'Gabriel Bot', 'id': '696473505314897940', 'discriminator': '0774', 'bot': True, 'avatar': '22e7c64daffbd9aee97348dd1e4aa5dd'}, 'roles': ['784549537133756426', '784550600410136627'], 'mute': False, 'joined_at': '2020-12-04T22:43:59.406000+00:00', 'hoisted_role': '784549537133756426', 'deaf': False}], 'channels': [{'type': 4, 'position': 0, 'permission_overwrites': [], 'name': 'Text Channels', 'id': '784546407461683243'}, {'type': 4, 'position': 0, 'permission_overwrites': [], 'name': 'Voice Channels', 'id': '784546407461683244'}, {'type': 0, 'topic': None, 'rate_limit_per_user': 0, 'position': 0, 'permission_overwrites': [], 'parent_id': '784546407461683243', 'name': 'general', 'last_message_id': '784869847870996511', 'id': '784546407461683245'}, {'user_limit': 0, 'type': 2, 'position': 0, 'permission_overwrites': [], 'parent_id': '784546407461683244', 'name': 'General', 'id': '784546407985578025', 'bitrate': 64000}, {'type': 0, 'topic': None, 'rate_limit_per_user': 0, 'position': 1, 'permission_overwrites': [], 'parent_id': '784546407461683243', 'nsfw': False, 'name': 'new-channel', 'last_message_id': '784863552165904384', 'id': '784849895868858480'}], 'features': [], 'afk_channel_id': None, 'voice_states': [], 'max_video_channel_users': 25, 'name': 'Bot testing server', 'icon': None, 'banner': None, 'mfa_level': 0, 'public_updates_channel_id': None, 'guild_hashes': {'version': 1, 'roles': {'omitted': False, 'hash': '6lv0K8SQDcw'}, 'metadata': {'omitted': False, 'hash': '6usEpmHs7nk'}, 'channels': {'omitted': False, 'hash': '4aK/IV225+8'}}, 'presences': [], 'premium_subscription_count': 0, 'unavailable': False, 'emojis': [], 'premium_tier': 0, 'lazy': True, 'region': 'us-west', 'member_count': 5, 'owner_id': '662338956687441921', 'roles': [{'position': 0, 'permissions_new': '104320577', 'permissions': 104320577, 'name': '@everyone', 'mentionable': False, 'managed': False, 'id': '784546407461683241', 'hoist': False, 'color': 0}, {'tags': {'bot_id': '784545799086145568'}, 'position': 2, 'permissions_new': '8', 'permissions': 8, 'name': 'PythonDiscordBot', 'mentionable': False, 'managed': True, 'id': '784547279565619252', 'hoist': False, 'color': 0}, {'position': 1, 'permissions_new': '104320585', 'permissions': 104320585, 'name': 'God', 'mentionable': False, 'managed': False, 'id': '784549537133756426', 'hoist': True, 'color': 15277667}, {'tags': {'bot_id': '696473505314897940'}, 'position': 1, 'permissions_new': '1573383283', 'permissions': 1573383283, 'name': 'Gabriel Bot', 'mentionable': False, 'managed': True, 'id': '784550600410136627', 'hoist': False, 'color': 0}], 'preferred_locale': 'en-US', 'rules_channel_id': None, 'explicit_content_filter': 0, 'max_members': 100000, 'discovery_splash': None, 'application_id': None, 'afk_timeout': 300, 'id': '784546407461683241', 'joined_at': '2020-12-04T22:43:59.406000+00:00', 'default_message_notifications': 0}}
2020-12-05 11:52:43,224:DEBUG:discord.client: Dispatching event socket_response
2020-12-05 11:52:43,225:DEBUG:discord.client: Dispatching event guild_available
2020-12-05 11:52:43,226:DEBUG:discord.client: Dispatching event guild_available
2020-12-05 11:52:45,237:DEBUG:discord.client: Dispatching event ready
2020-12-05 11:52:47,926:DEBUG:discord.client: Dispatching event socket_raw_receive
2020-12-05 11:52:47,927:DEBUG:discord.gateway: For Shard ID None: WebSocket Event: {'t': 'MESSAGE_CREATE', 's': 4, 'op': 0, 'd': {'type': 0, 'tts': False, 'timestamp': '2020-12-05T19:52:47.907000+00:00', 'referenced_message': None, 'pinned': False, 'nonce': '784869906079285248', 'mentions': [], 'mention_roles': [], 'mention_everyone': False, 'member': {'roles': ['784549537133756426'], 'mute': False, 'joined_at': '2020-12-04T22:27:19.736000+00:00', 'hoisted_role': '784549537133756426', 'deaf': False}, 'id': '784869906583257128', 'flags': 0, 'embeds': [], 'edited_timestamp': None, 'content': '*pun', 'channel_id': '784546407461683245', 'author': {'username': 'vinniethepooh', 'public_flags': 0, 'id': '662338956687441921', 'discriminator': '2308', 'avatar': None}, 'attachments': [], 'guild_id': '784546407461683241'}}
2020-12-05 11:52:47,927:DEBUG:discord.client: Dispatching event socket_response
2020-12-05 11:52:47,927:DEBUG:discord.client: Dispatching event message
2020-12-05 11:52:47,928:DEBUG:discord.client: Dispatching event command
2020-12-05 11:52:48,096:DEBUG:discord.client: Dispatching event socket_raw_receive
2020-12-05 11:52:48,096:DEBUG:discord.gateway: For Shard ID None: WebSocket Event: {'t': 'MESSAGE_CREATE', 's': 5, 'op': 0, 'd': {'type': 0, 'tts': False, 'timestamp': '2020-12-05T19:52:48.059000+00:00', 'referenced_message': None, 'pinned': False, 'mentions': [], 'mention_roles': [], 'mention_everyone': False, 'member': {'roles': ['784549537133756426', '784550600410136627'], 'mute': False, 'joined_at': '2020-12-04T22:43:59.406000+00:00', 'hoisted_role': '784549537133756426', 'deaf': False}, 'id': '784869907220267048', 'flags': 0, 'embeds': [], 'edited_timestamp': None, 'content': "{'I meant to look for my missing watch, but I could never find the time.'}", 'channel_id': '784546407461683245', 'author': {'username': 'Gabriel Bot', 'public_flags': 0, 'id': '696473505314897940', 'discriminator': '0774', 'bot': True, 'avatar': '22e7c64daffbd9aee97348dd1e4aa5dd'}, 'attachments': [], 'guild_id': '784546407461683241'}}
2020-12-05 11:52:48,097:DEBUG:discord.client: Dispatching event socket_response
2020-12-05 11:52:48,097:DEBUG:discord.client: Dispatching event message
2020-12-05 11:52:48,131:DEBUG:discord.http: POST https://discord.com/api/v7/channels/784546407461683245/messages with {"content":"{'I meant to look for my missing watch, but I could never find the time.'}"} has returned 200
2020-12-05 11:52:48,131:DEBUG:discord.http: POST https://discord.com/api/v7/channels/784546407461683245/messages has received {'id': '784869907220267048', 'type': 0, 'content': "{'I meant to look for my missing watch, but I could never find the time.'}", 'channel_id': '784546407461683245', 'author': {'id': '696473505314897940', 'username': 'Gabriel Bot', 'avatar': '22e7c64daffbd9aee97348dd1e4aa5dd', 'discriminator': '0774', 'public_flags': 0, 'bot': True}, 'attachments': [], 'embeds': [], 'mentions': [], 'mention_roles': [], 'pinned': False, 'mention_everyone': False, 'tts': False, 'timestamp': '2020-12-05T19:52:48.059000+00:00', 'edited_timestamp': None, 'flags': 0, 'referenced_message': None}
2020-12-05 11:52:48,132:DEBUG:discord.client: Dispatching event command_completion
2020-12-05 11:53:24,321:DEBUG:discord.gateway: Keeping shard ID None websocket alive with sequence 5.
2020-12-05 11:53:24,418:DEBUG:discord.client: Dispatching event socket_raw_receive
2020-12-05 11:53:24,418:DEBUG:discord.gateway: For Shard ID None: WebSocket Event: {'t': None, 's': None, 'op': 11, 'd': None}
2020-12-05 11:53:24,418:DEBUG:discord.client: Dispatching event socket_response
2020-12-05 11:54:05,575:DEBUG:discord.gateway: Keeping shard ID None websocket alive with sequence 5.
2020-12-05 11:54:05,665:DEBUG:discord.client: Dispatching event socket_raw_receive
2020-12-05 11:54:05,666:DEBUG:discord.gateway: For Shard ID None: WebSocket Event: {'t': None, 's': None, 'op': 11, 'd': None}
2020-12-05 11:54:05,666:DEBUG:discord.client: Dispatching event socket_response
